[2026-01-30T07:50:10.957Z] [BOT] Neuer Bot erstellt: Bot_1 (hunter)
[2026-01-30T07:50:10.962Z] [BOT] Neuer Bot erstellt: Bot_2 (farmer)
[2026-01-30T07:50:10.964Z] [BOT] Neuer Bot erstellt: Bot_3 (tactician)
[2026-01-30T07:50:10.967Z] [BOT] Neuer Bot erstellt: Bot_4 (wildcard)
[2026-01-30T07:50:10.969Z] [BOT] Neuer Bot erstellt: Bot_5 (hunter)
[2026-01-30T07:50:10.972Z] [BOT] Neuer Bot erstellt: Bot_6 (farmer)
[2026-01-30T07:50:10.974Z] [BOT] Neuer Bot erstellt: Bot_7 (tactician)
[2026-01-30T07:50:10.976Z] [BOT] Neuer Bot erstellt: Bot_8 (wildcard)
[2026-01-30T07:50:10.979Z] [BOT] Neuer Bot erstellt: Bot_9 (hunter)
[2026-01-30T07:50:10.982Z] [BOT] Neuer Bot erstellt: Bot_10 (farmer)
[2026-01-30T07:50:10.985Z] [BOT] Neuer Bot erstellt: Bot_11 (tactician)
[2026-01-30T07:50:10.987Z] [BOT] Neuer Bot erstellt: Bot_12 (wildcard)
[2026-01-30T07:50:10.994Z] [SYSTEM] Server läuft auf Port 3000
[2026-01-30T08:43:48.455Z] [SYSTEM] Bots automatisch gespeichert
[2026-01-30T08:46:21.727Z] [BOT] Bot geladen: Bot_1 (hunter)
[2026-01-30T08:46:21.730Z] [BOT] Bot geladen: Bot_2 (farmer)
[2026-01-30T08:46:21.733Z] [BOT] Bot geladen: Bot_3 (tactician)
[2026-01-30T08:46:21.735Z] [BOT] Bot geladen: Bot_4 (wildcard)
[2026-01-30T08:46:21.736Z] [BOT] Bot geladen: Bot_5 (hunter)
[2026-01-30T08:46:21.737Z] [BOT] Bot geladen: Bot_6 (farmer)
[2026-01-30T08:46:21.738Z] [BOT] Bot geladen: Bot_7 (tactician)
[2026-01-30T08:46:21.739Z] [BOT] Bot geladen: Bot_8 (wildcard)
[2026-01-30T08:46:21.741Z] [BOT] Bot geladen: Bot_9 (hunter)
[2026-01-30T08:46:21.742Z] [BOT] Bot geladen: Bot_10 (farmer)
[2026-01-30T08:46:21.743Z] [BOT] Bot geladen: Bot_11 (tactician)
[2026-01-30T08:46:21.743Z] [BOT] Bot geladen: Bot_12 (wildcard)
[2026-01-30T08:46:21.751Z] [SYSTEM] Port 3000
[2026-01-30T09:16:44.731Z] [CHEAT] Speed: MobilePlayer
[2026-01-30T09:16:44.748Z] [CHEAT] Speed: MobilePlayer
[2026-01-30T09:16:44.765Z] [CHEAT] Speed: MobilePlayer
[2026-01-30T09:16:44.781Z] [CHEAT] Speed: MobilePlayer
[2026-01-30T09:16:44.800Z] [CHEAT] Speed: MobilePlayer
[2026-01-30T09:16:44.816Z] [CHEAT] Speed: MobilePlayer
[2026-01-30T09:16:44.832Z] [CHEAT] Speed: MobilePlayer
[2026-01-30T09:16:44.848Z] [CHEAT] Speed: MobilePlayer
[2026-01-30T09:16:44.864Z] [CHEAT] Speed: MobilePlayer
[2026-01-30T09:16:44.881Z] [CHEAT] Speed: MobilePlayer
[2026-01-30T09:18:42.073Z] [SYSTEM] Bots gespeichert
